<WBXML>
	<Document publicID="0x0FD3" formalPublicID="-//SYNCML//DTD SyncML 1.1//EN">
		<CodePage index="0" formalPublicID="-//SYNCML//DTD SyncML 1.1//EN">
			<field name="Add" token="0x05" />
		</CodePage>		
	
		<CodePage index="1" formalPublicID="-//SYNCML//DTD MetInf 1.1//EN">
			<field name="Anchor" token="0x05" />
		</CodePage>		
	</Document>
</WBXML>